<?xml version="1.0" encoding="UTF-8"?>
<testng-results skipped="0" failed="0" ignored="0" total="4" passed="4">
  <reporter-output>
    <line>
      <![CDATA[One user created with provided credentials.]]>
    </line>
  </reporter-output>
  <suite name="Command line suite" duration-ms="10285" started-at="2021-06-08T14:25:17Z" finished-at="2021-06-08T14:25:28Z">
    <groups>
    </groups>
    <test name="Command line test" duration-ms="10285" started-at="2021-06-08T14:25:17Z" finished-at="2021-06-08T14:25:28Z">
      <class name="Assignment.Rest_Assured_BBLog.LoginTest">
        <test-method status="PASS" signature="setEnvironment()[pri:0, instance:Assignment.Rest_Assured_BBLog.LoginTest@4de8b406]" name="setEnvironment" is-config="true" duration-ms="680" started-at="2021-06-08T14:25:17Z" finished-at="2021-06-08T14:25:18Z">
          <reporter-output>
          </reporter-output>
        </test-method> <!-- setEnvironment -->
        <test-method status="PASS" signature="verifyLoginUserTest()[pri:0, instance:Assignment.Rest_Assured_BBLog.LoginTest@4de8b406]" name="verifyLoginUserTest" duration-ms="8431" started-at="2021-06-08T14:25:18Z" description="Verify Authentication - POST /api/users/login" finished-at="2021-06-08T14:25:27Z">
          <reporter-output>
          </reporter-output>
        </test-method> <!-- verifyLoginUserTest -->
      </class> <!-- Assignment.Rest_Assured_BBLog.LoginTest -->
      <class name="Assignment.Rest_Assured_BBLog.NonAuthenticateUserTest">
        <test-method status="PASS" signature="verifyAuthenticationRequiredErrorTest()[pri:1, instance:Assignment.Rest_Assured_BBLog.NonAuthenticateUserTest@3c756e4d]" name="verifyAuthenticationRequiredErrorTest" duration-ms="230" started-at="2021-06-08T14:25:27Z" description="Verify Non Authenticate user should get Error - 401" finished-at="2021-06-08T14:25:27Z">
          <reporter-output>
          </reporter-output>
        </test-method> <!-- verifyAuthenticationRequiredErrorTest -->
      </class> <!-- Assignment.Rest_Assured_BBLog.NonAuthenticateUserTest -->
      <class name="Assignment.Rest_Assured_BBLog.RegistrationTest">
        <test-method status="PASS" signature="setEnvironment()[pri:0, instance:Assignment.Rest_Assured_BBLog.RegistrationTest@7c0e2abd]" name="setEnvironment" is-config="true" duration-ms="1" started-at="2021-06-08T14:25:27Z" description="Below piece of code will execue before ech test." finished-at="2021-06-08T14:25:27Z">
          <reporter-output>
          </reporter-output>
        </test-method> <!-- setEnvironment -->
        <test-method status="PASS" signature="verifySignUpUserTest()[pri:1, instance:Assignment.Rest_Assured_BBLog.RegistrationTest@7c0e2abd]" name="verifySignUpUserTest" duration-ms="316" started-at="2021-06-08T14:25:27Z" description="Verify User SignUp success code: 200 for POST /api/users" finished-at="2021-06-08T14:25:27Z">
          <reporter-output>
          </reporter-output>
        </test-method> <!-- verifySignUpUserTest -->
        <test-method status="PASS" signature="setEnvironment()[pri:0, instance:Assignment.Rest_Assured_BBLog.RegistrationTest@7c0e2abd]" name="setEnvironment" is-config="true" duration-ms="1" started-at="2021-06-08T14:25:27Z" description="Below piece of code will execue before ech test." finished-at="2021-06-08T14:25:27Z">
          <reporter-output>
          </reporter-output>
        </test-method> <!-- setEnvironment -->
        <test-method status="PASS" signature="verifyAlreadyExistUserErrorTest()[pri:2, instance:Assignment.Rest_Assured_BBLog.RegistrationTest@7c0e2abd]" name="verifyAlreadyExistUserErrorTest" duration-ms="595" started-at="2021-06-08T14:25:27Z" description="Verify Already Exist User error code: 422" finished-at="2021-06-08T14:25:28Z">
          <reporter-output>
            <line>
              <![CDATA[One user created with provided credentials.]]>
            </line>
          </reporter-output>
        </test-method> <!-- verifyAlreadyExistUserErrorTest -->
      </class> <!-- Assignment.Rest_Assured_BBLog.RegistrationTest -->
    </test> <!-- Command line test -->
  </suite> <!-- Command line suite -->
</testng-results>
