<?xml version="1.0" encoding="UTF-8"?>
<!-- Generated by org.testng.reporters.JUnitXMLReporter -->
<testsuite hostname="NLAMSHQ3738525L" ignored="0" name="Command line test" tests="4" failures="0" timestamp="08 Jun 2021 14:25:28 GMT" time="10.285" errors="0">
  <testcase name="verifyLoginUserTest" time="8.431" classname="Assignment.Rest_Assured_BBLog.LoginTest"/>
  <testcase name="verifyAuthenticationRequiredErrorTest" time="0.23" classname="Assignment.Rest_Assured_BBLog.NonAuthenticateUserTest"/>
  <testcase name="verifySignUpUserTest" time="0.316" classname="Assignment.Rest_Assured_BBLog.RegistrationTest"/>
  <testcase name="verifyAlreadyExistUserErrorTest" time="0.595" classname="Assignment.Rest_Assured_BBLog.RegistrationTest"/>
</testsuite> <!-- Command line test -->
